2018-11-23 16:30:06.004  INFO 13588 --- [main] org.nocoder.blog.FredaApplication        : Starting FredaApplication on redocon with PID 13588 (D:\usr\local\github\freda-blog\freda\target\classes started by Administrator in D:\usr\local\github\freda-blog)
2018-11-23 16:30:06.008 DEBUG 13588 --- [main] org.nocoder.blog.FredaApplication        : Running with Spring Boot v2.1.0.RELEASE, Spring v5.1.2.RELEASE
2018-11-23 16:30:06.010  INFO 13588 --- [main] org.nocoder.blog.FredaApplication        : No active profile set, falling back to default profiles: default
2018-11-23 16:30:07.536  INFO 13588 --- [main] o.s.b.w.embedded.tomcat.TomcatWebServer  : Tomcat initialized with port(s): 8080 (http)
2018-11-23 16:30:07.549  INFO 13588 --- [main] o.apache.catalina.core.StandardService   : Starting service [Tomcat]
2018-11-23 16:30:07.550  INFO 13588 --- [main] org.apache.catalina.core.StandardEngine  : Starting Servlet Engine: Apache Tomcat/9.0.12
2018-11-23 16:30:07.555  INFO 13588 --- [main] o.a.catalina.core.AprLifecycleListener   : The APR based Apache Tomcat Native library which allows optimal performance in production environments was not found on the java.library.path: [D:\usr\local\Java\jdk1.8.0_191\bin;C:\windows\Sun\Java\bin;C:\windows\system32;C:\windows;C:\Program Files (x86)\Common Files\Oracle\Java\javapath;C:\windows\system32;C:\windows;C:\windows\System32\Wbem;C:\windows\System32\WindowsPowerShell\v1.0\;D:\usr\local\Java\jdk1.8.0_191\bin;D:\usr\local\Git\cmd;D:\usr\local\apache-maven-3.6.0\bin;D:\usr\local\nodejs\;C:\Users\Administrator\AppData\Local\Microsoft\WindowsApps;;D:\usr\local\vscode\bin;C:\Users\Administrator\AppData\Roaming\npm;.]
2018-11-23 16:30:07.635  INFO 13588 --- [main] o.a.c.c.C.[Tomcat].[localhost].[/]       : Initializing Spring embedded WebApplicationContext
2018-11-23 16:30:07.636  INFO 13588 --- [main] o.s.web.context.ContextLoader            : Root WebApplicationContext: initialization completed in 1533 ms
2018-11-23 16:30:07.659  INFO 13588 --- [main] o.s.b.w.servlet.ServletRegistrationBean  : Servlet dispatcherServlet mapped to [/]
2018-11-23 16:30:07.663  INFO 13588 --- [main] o.s.b.w.servlet.FilterRegistrationBean   : Mapping filter: 'characterEncodingFilter' to: [/*]
2018-11-23 16:30:07.663  INFO 13588 --- [main] o.s.b.w.servlet.FilterRegistrationBean   : Mapping filter: 'hiddenHttpMethodFilter' to: [/*]
2018-11-23 16:30:07.663  INFO 13588 --- [main] o.s.b.w.servlet.FilterRegistrationBean   : Mapping filter: 'formContentFilter' to: [/*]
2018-11-23 16:30:07.663  INFO 13588 --- [main] o.s.b.w.servlet.FilterRegistrationBean   : Mapping filter: 'requestContextFilter' to: [/*]
2018-11-23 16:30:08.207 DEBUG 13588 --- [main] o.n.b.m.ArchiveMapper.selectArchives     : ==>  Preparing: select id, title, preview, author, tag, create_time, update_time, state from archive WHERE state = ? order by create_time desc 
2018-11-23 16:30:08.218 DEBUG 13588 --- [main] o.n.b.m.ArchiveMapper.selectArchives     : ==> Parameters: 2(Integer)
2018-11-23 16:30:08.235 DEBUG 13588 --- [main] o.n.b.m.ArchiveMapper.selectArchives     : <==      Total: 69
2018-11-23 16:30:08.402  INFO 13588 --- [main] o.s.s.concurrent.ThreadPoolTaskExecutor  : Initializing ExecutorService 'applicationTaskExecutor'
2018-11-23 16:30:08.609  INFO 13588 --- [main] o.s.b.w.embedded.tomcat.TomcatWebServer  : Tomcat started on port(s): 8080 (http) with context path ''
2018-11-23 16:30:08.612  INFO 13588 --- [main] org.nocoder.blog.FredaApplication        : Started FredaApplication in 3.199 seconds (JVM running for 3.916)
2018-11-23 16:30:24.882  INFO 13588 --- [http-nio-8080-exec-2] o.a.c.c.C.[Tomcat].[localhost].[/]       : Initializing Spring DispatcherServlet 'dispatcherServlet'
2018-11-23 16:30:24.883  INFO 13588 --- [http-nio-8080-exec-2] o.s.web.servlet.DispatcherServlet        : Initializing Servlet 'dispatcherServlet'
2018-11-23 16:30:24.891  INFO 13588 --- [http-nio-8080-exec-2] o.s.web.servlet.DispatcherServlet        : Completed initialization in 7 ms
2018-11-23 16:30:24.917 DEBUG 13588 --- [http-nio-8080-exec-2] o.n.b.m.A.selectCountArchives            : ==>  Preparing: select count(1) from archive WHERE state = ? 
2018-11-23 16:30:24.917 DEBUG 13588 --- [http-nio-8080-exec-2] o.n.b.m.A.selectCountArchives            : ==> Parameters: 2(Integer)
2018-11-23 16:30:24.920 DEBUG 13588 --- [http-nio-8080-exec-2] o.n.b.m.A.selectCountArchives            : <==      Total: 1
2018-11-23 16:30:50.185  INFO 7852 --- [main] org.nocoder.blog.FredaApplication        : Starting FredaApplication on redocon with PID 7852 (D:\usr\local\github\freda-blog\freda\target\classes started by Administrator in D:\usr\local\github\freda-blog)
2018-11-23 16:30:50.190  INFO 7852 --- [main] org.nocoder.blog.FredaApplication        : No active profile set, falling back to default profiles: default
2018-11-23 16:30:51.505  INFO 7852 --- [main] o.s.b.w.embedded.tomcat.TomcatWebServer  : Tomcat initialized with port(s): 8080 (http)
2018-11-23 16:30:51.522  INFO 7852 --- [main] o.apache.catalina.core.StandardService   : Starting service [Tomcat]
2018-11-23 16:30:51.522  INFO 7852 --- [main] org.apache.catalina.core.StandardEngine  : Starting Servlet Engine: Apache Tomcat/9.0.12
2018-11-23 16:30:51.528  INFO 7852 --- [main] o.a.catalina.core.AprLifecycleListener   : The APR based Apache Tomcat Native library which allows optimal performance in production environments was not found on the java.library.path: [D:\usr\local\Java\jdk1.8.0_191\bin;C:\windows\Sun\Java\bin;C:\windows\system32;C:\windows;C:\Program Files (x86)\Common Files\Oracle\Java\javapath;C:\windows\system32;C:\windows;C:\windows\System32\Wbem;C:\windows\System32\WindowsPowerShell\v1.0\;D:\usr\local\Java\jdk1.8.0_191\bin;D:\usr\local\Git\cmd;D:\usr\local\apache-maven-3.6.0\bin;D:\usr\local\nodejs\;C:\Users\Administrator\AppData\Local\Microsoft\WindowsApps;;D:\usr\local\vscode\bin;C:\Users\Administrator\AppData\Roaming\npm;.]
2018-11-23 16:30:51.599  INFO 7852 --- [main] o.a.c.c.C.[Tomcat].[localhost].[/]       : Initializing Spring embedded WebApplicationContext
2018-11-23 16:30:51.599  INFO 7852 --- [main] o.s.web.context.ContextLoader            : Root WebApplicationContext: initialization completed in 1326 ms
2018-11-23 16:30:51.622  INFO 7852 --- [main] o.s.b.w.servlet.ServletRegistrationBean  : Servlet dispatcherServlet mapped to [/]
2018-11-23 16:30:51.627  INFO 7852 --- [main] o.s.b.w.servlet.FilterRegistrationBean   : Mapping filter: 'characterEncodingFilter' to: [/*]
2018-11-23 16:30:51.627  INFO 7852 --- [main] o.s.b.w.servlet.FilterRegistrationBean   : Mapping filter: 'hiddenHttpMethodFilter' to: [/*]
2018-11-23 16:30:51.628  INFO 7852 --- [main] o.s.b.w.servlet.FilterRegistrationBean   : Mapping filter: 'formContentFilter' to: [/*]
2018-11-23 16:30:51.628  INFO 7852 --- [main] o.s.b.w.servlet.FilterRegistrationBean   : Mapping filter: 'requestContextFilter' to: [/*]
2018-11-23 16:30:52.372  INFO 7852 --- [main] o.s.s.concurrent.ThreadPoolTaskExecutor  : Initializing ExecutorService 'applicationTaskExecutor'
2018-11-23 16:30:52.586  INFO 7852 --- [main] o.s.b.w.embedded.tomcat.TomcatWebServer  : Tomcat started on port(s): 8080 (http) with context path ''
2018-11-23 16:30:52.590  INFO 7852 --- [main] org.nocoder.blog.FredaApplication        : Started FredaApplication in 2.952 seconds (JVM running for 3.598)
2018-11-23 16:30:56.506  INFO 7852 --- [http-nio-8080-exec-2] o.a.c.c.C.[Tomcat].[localhost].[/]       : Initializing Spring DispatcherServlet 'dispatcherServlet'
2018-11-23 16:30:56.507  INFO 7852 --- [http-nio-8080-exec-2] o.s.web.servlet.DispatcherServlet        : Initializing Servlet 'dispatcherServlet'
2018-11-23 16:30:56.512  INFO 7852 --- [http-nio-8080-exec-2] o.s.web.servlet.DispatcherServlet        : Completed initialization in 5 ms
2018-11-23 16:31:18.632  INFO 2600 --- [main] org.nocoder.blog.FredaApplication        : Starting FredaApplication on redocon with PID 2600 (D:\usr\local\github\freda-blog\freda\target\classes started by Administrator in D:\usr\local\github\freda-blog)
2018-11-23 16:31:18.652  INFO 2600 --- [main] org.nocoder.blog.FredaApplication        : No active profile set, falling back to default profiles: default
2018-11-23 16:31:20.237  INFO 2600 --- [main] o.s.b.w.embedded.tomcat.TomcatWebServer  : Tomcat initialized with port(s): 8080 (http)
2018-11-23 16:31:20.254  INFO 2600 --- [main] o.apache.catalina.core.StandardService   : Starting service [Tomcat]
2018-11-23 16:31:20.254  INFO 2600 --- [main] org.apache.catalina.core.StandardEngine  : Starting Servlet Engine: Apache Tomcat/9.0.12
2018-11-23 16:31:20.261  INFO 2600 --- [main] o.a.catalina.core.AprLifecycleListener   : The APR based Apache Tomcat Native library which allows optimal performance in production environments was not found on the java.library.path: [D:\usr\local\Java\jdk1.8.0_191\bin;C:\windows\Sun\Java\bin;C:\windows\system32;C:\windows;C:\Program Files (x86)\Common Files\Oracle\Java\javapath;C:\windows\system32;C:\windows;C:\windows\System32\Wbem;C:\windows\System32\WindowsPowerShell\v1.0\;D:\usr\local\Java\jdk1.8.0_191\bin;D:\usr\local\Git\cmd;D:\usr\local\apache-maven-3.6.0\bin;D:\usr\local\nodejs\;C:\Users\Administrator\AppData\Local\Microsoft\WindowsApps;;D:\usr\local\vscode\bin;C:\Users\Administrator\AppData\Roaming\npm;.]
2018-11-23 16:31:20.350  INFO 2600 --- [main] o.a.c.c.C.[Tomcat].[localhost].[/]       : Initializing Spring embedded WebApplicationContext
2018-11-23 16:31:20.350  INFO 2600 --- [main] o.s.web.context.ContextLoader            : Root WebApplicationContext: initialization completed in 1613 ms
2018-11-23 16:31:20.373  INFO 2600 --- [main] o.s.b.w.servlet.ServletRegistrationBean  : Servlet dispatcherServlet mapped to [/]
2018-11-23 16:31:20.377  INFO 2600 --- [main] o.s.b.w.servlet.FilterRegistrationBean   : Mapping filter: 'characterEncodingFilter' to: [/*]
2018-11-23 16:31:20.378  INFO 2600 --- [main] o.s.b.w.servlet.FilterRegistrationBean   : Mapping filter: 'hiddenHttpMethodFilter' to: [/*]
2018-11-23 16:31:20.378  INFO 2600 --- [main] o.s.b.w.servlet.FilterRegistrationBean   : Mapping filter: 'formContentFilter' to: [/*]
2018-11-23 16:31:20.378  INFO 2600 --- [main] o.s.b.w.servlet.FilterRegistrationBean   : Mapping filter: 'requestContextFilter' to: [/*]
2018-11-23 16:31:21.145  INFO 2600 --- [main] o.s.s.concurrent.ThreadPoolTaskExecutor  : Initializing ExecutorService 'applicationTaskExecutor'
2018-11-23 16:31:21.348  INFO 2600 --- [main] o.s.b.w.embedded.tomcat.TomcatWebServer  : Tomcat started on port(s): 8080 (http) with context path ''
2018-11-23 16:31:21.352  INFO 2600 --- [main] org.nocoder.blog.FredaApplication        : Started FredaApplication in 3.211 seconds (JVM running for 3.957)
2018-11-23 16:31:53.708  INFO 13132 --- [main] org.nocoder.blog.FredaApplication        : Starting FredaApplication on redocon with PID 13132 (D:\usr\local\github\freda-blog\freda\target\classes started by Administrator in D:\usr\local\github\freda-blog)
2018-11-23 16:31:53.710  INFO 13132 --- [main] org.nocoder.blog.FredaApplication        : No active profile set, falling back to default profiles: default
2018-11-23 16:31:55.265  INFO 13132 --- [main] o.s.b.w.embedded.tomcat.TomcatWebServer  : Tomcat initialized with port(s): 8080 (http)
2018-11-23 16:31:55.282  INFO 13132 --- [main] o.apache.catalina.core.StandardService   : Starting service [Tomcat]
2018-11-23 16:31:55.283  INFO 13132 --- [main] org.apache.catalina.core.StandardEngine  : Starting Servlet Engine: Apache Tomcat/9.0.12
2018-11-23 16:31:55.289  INFO 13132 --- [main] o.a.catalina.core.AprLifecycleListener   : The APR based Apache Tomcat Native library which allows optimal performance in production environments was not found on the java.library.path: [D:\usr\local\Java\jdk1.8.0_191\bin;C:\windows\Sun\Java\bin;C:\windows\system32;C:\windows;C:\Program Files (x86)\Common Files\Oracle\Java\javapath;C:\windows\system32;C:\windows;C:\windows\System32\Wbem;C:\windows\System32\WindowsPowerShell\v1.0\;D:\usr\local\Java\jdk1.8.0_191\bin;D:\usr\local\Git\cmd;D:\usr\local\apache-maven-3.6.0\bin;D:\usr\local\nodejs\;C:\Users\Administrator\AppData\Local\Microsoft\WindowsApps;;D:\usr\local\vscode\bin;C:\Users\Administrator\AppData\Roaming\npm;.]
2018-11-23 16:31:55.374  INFO 13132 --- [main] o.a.c.c.C.[Tomcat].[localhost].[/]       : Initializing Spring embedded WebApplicationContext
2018-11-23 16:31:55.374  INFO 13132 --- [main] o.s.web.context.ContextLoader            : Root WebApplicationContext: initialization completed in 1555 ms
2018-11-23 16:31:55.398  INFO 13132 --- [main] o.s.b.w.servlet.ServletRegistrationBean  : Servlet dispatcherServlet mapped to [/]
2018-11-23 16:31:55.402  INFO 13132 --- [main] o.s.b.w.servlet.FilterRegistrationBean   : Mapping filter: 'characterEncodingFilter' to: [/*]
2018-11-23 16:31:55.403  INFO 13132 --- [main] o.s.b.w.servlet.FilterRegistrationBean   : Mapping filter: 'hiddenHttpMethodFilter' to: [/*]
2018-11-23 16:31:55.403  INFO 13132 --- [main] o.s.b.w.servlet.FilterRegistrationBean   : Mapping filter: 'formContentFilter' to: [/*]
2018-11-23 16:31:55.403  INFO 13132 --- [main] o.s.b.w.servlet.FilterRegistrationBean   : Mapping filter: 'requestContextFilter' to: [/*]
2018-11-23 16:31:56.128  INFO 13132 --- [main] o.s.s.concurrent.ThreadPoolTaskExecutor  : Initializing ExecutorService 'applicationTaskExecutor'
2018-11-23 16:31:56.325  INFO 13132 --- [main] o.s.b.w.embedded.tomcat.TomcatWebServer  : Tomcat started on port(s): 8080 (http) with context path ''
2018-11-23 16:31:56.328  INFO 13132 --- [main] org.nocoder.blog.FredaApplication        : Started FredaApplication in 3.287 seconds (JVM running for 4.062)
2018-11-23 16:32:24.080  INFO 13132 --- [http-nio-8080-exec-4] o.a.c.c.C.[Tomcat].[localhost].[/]       : Initializing Spring DispatcherServlet 'dispatcherServlet'
2018-11-23 16:32:24.080  INFO 13132 --- [http-nio-8080-exec-4] o.s.web.servlet.DispatcherServlet        : Initializing Servlet 'dispatcherServlet'
2018-11-23 16:32:24.088  INFO 13132 --- [http-nio-8080-exec-4] o.s.web.servlet.DispatcherServlet        : Completed initialization in 8 ms
2018-11-23 16:33:01.606  INFO 6188 --- [main] org.nocoder.blog.FredaApplication        : Starting FredaApplication on redocon with PID 6188 (D:\usr\local\github\freda-blog\freda\target\classes started by Administrator in D:\usr\local\github\freda-blog)
2018-11-23 16:33:01.614  INFO 6188 --- [main] org.nocoder.blog.FredaApplication        : No active profile set, falling back to default profiles: default
2018-11-23 16:33:03.003  INFO 6188 --- [main] o.s.b.w.embedded.tomcat.TomcatWebServer  : Tomcat initialized with port(s): 8080 (http)
2018-11-23 16:33:03.018  INFO 6188 --- [main] o.apache.catalina.core.StandardService   : Starting service [Tomcat]
2018-11-23 16:33:03.018  INFO 6188 --- [main] org.apache.catalina.core.StandardEngine  : Starting Servlet Engine: Apache Tomcat/9.0.12
2018-11-23 16:33:03.024  INFO 6188 --- [main] o.a.catalina.core.AprLifecycleListener   : The APR based Apache Tomcat Native library which allows optimal performance in production environments was not found on the java.library.path: [D:\usr\local\Java\jdk1.8.0_191\bin;C:\windows\Sun\Java\bin;C:\windows\system32;C:\windows;C:\Program Files (x86)\Common Files\Oracle\Java\javapath;C:\windows\system32;C:\windows;C:\windows\System32\Wbem;C:\windows\System32\WindowsPowerShell\v1.0\;D:\usr\local\Java\jdk1.8.0_191\bin;D:\usr\local\Git\cmd;D:\usr\local\apache-maven-3.6.0\bin;D:\usr\local\nodejs\;C:\Users\Administrator\AppData\Local\Microsoft\WindowsApps;;D:\usr\local\vscode\bin;C:\Users\Administrator\AppData\Roaming\npm;.]
2018-11-23 16:33:03.109  INFO 6188 --- [main] o.a.c.c.C.[Tomcat].[localhost].[/]       : Initializing Spring embedded WebApplicationContext
2018-11-23 16:33:03.109  INFO 6188 --- [main] o.s.web.context.ContextLoader            : Root WebApplicationContext: initialization completed in 1366 ms
2018-11-23 16:33:03.132  INFO 6188 --- [main] o.s.b.w.servlet.ServletRegistrationBean  : Servlet dispatcherServlet mapped to [/]
2018-11-23 16:33:03.137  INFO 6188 --- [main] o.s.b.w.servlet.FilterRegistrationBean   : Mapping filter: 'characterEncodingFilter' to: [/*]
2018-11-23 16:33:03.137  INFO 6188 --- [main] o.s.b.w.servlet.FilterRegistrationBean   : Mapping filter: 'hiddenHttpMethodFilter' to: [/*]
2018-11-23 16:33:03.137  INFO 6188 --- [main] o.s.b.w.servlet.FilterRegistrationBean   : Mapping filter: 'formContentFilter' to: [/*]
2018-11-23 16:33:03.137  INFO 6188 --- [main] o.s.b.w.servlet.FilterRegistrationBean   : Mapping filter: 'requestContextFilter' to: [/*]
2018-11-23 16:33:03.847  INFO 6188 --- [main] o.s.s.concurrent.ThreadPoolTaskExecutor  : Initializing ExecutorService 'applicationTaskExecutor'
2018-11-23 16:33:04.047  INFO 6188 --- [main] o.s.b.w.embedded.tomcat.TomcatWebServer  : Tomcat started on port(s): 8080 (http) with context path ''
2018-11-23 16:33:04.051  INFO 6188 --- [main] org.nocoder.blog.FredaApplication        : Started FredaApplication in 3.158 seconds (JVM running for 3.97)
2018-11-23 16:33:11.395  INFO 6188 --- [http-nio-8080-exec-3] o.a.c.c.C.[Tomcat].[localhost].[/]       : Initializing Spring DispatcherServlet 'dispatcherServlet'
2018-11-23 16:33:11.395  INFO 6188 --- [http-nio-8080-exec-3] o.s.web.servlet.DispatcherServlet        : Initializing Servlet 'dispatcherServlet'
2018-11-23 16:33:11.402  INFO 6188 --- [http-nio-8080-exec-3] o.s.web.servlet.DispatcherServlet        : Completed initialization in 7 ms
2018-11-23 16:33:32.998  INFO 14208 --- [main] org.nocoder.blog.FredaApplication        : Starting FredaApplication on redocon with PID 14208 (D:\usr\local\github\freda-blog\freda\target\classes started by Administrator in D:\usr\local\github\freda-blog)
2018-11-23 16:33:33.001 DEBUG 14208 --- [main] org.nocoder.blog.FredaApplication        : Running with Spring Boot v2.1.0.RELEASE, Spring v5.1.2.RELEASE
2018-11-23 16:33:33.003  INFO 14208 --- [main] org.nocoder.blog.FredaApplication        : No active profile set, falling back to default profiles: default
2018-11-23 16:33:34.266  INFO 14208 --- [main] o.s.b.w.embedded.tomcat.TomcatWebServer  : Tomcat initialized with port(s): 8080 (http)
2018-11-23 16:33:34.280  INFO 14208 --- [main] o.apache.catalina.core.StandardService   : Starting service [Tomcat]
2018-11-23 16:33:34.281  INFO 14208 --- [main] org.apache.catalina.core.StandardEngine  : Starting Servlet Engine: Apache Tomcat/9.0.12
2018-11-23 16:33:34.287  INFO 14208 --- [main] o.a.catalina.core.AprLifecycleListener   : The APR based Apache Tomcat Native library which allows optimal performance in production environments was not found on the java.library.path: [D:\usr\local\Java\jdk1.8.0_191\bin;C:\windows\Sun\Java\bin;C:\windows\system32;C:\windows;C:\Program Files (x86)\Common Files\Oracle\Java\javapath;C:\windows\system32;C:\windows;C:\windows\System32\Wbem;C:\windows\System32\WindowsPowerShell\v1.0\;D:\usr\local\Java\jdk1.8.0_191\bin;D:\usr\local\Git\cmd;D:\usr\local\apache-maven-3.6.0\bin;D:\usr\local\nodejs\;C:\Users\Administrator\AppData\Local\Microsoft\WindowsApps;;D:\usr\local\vscode\bin;C:\Users\Administrator\AppData\Roaming\npm;.]
2018-11-23 16:33:34.366  INFO 14208 --- [main] o.a.c.c.C.[Tomcat].[localhost].[/]       : Initializing Spring embedded WebApplicationContext
2018-11-23 16:33:34.366  INFO 14208 --- [main] o.s.web.context.ContextLoader            : Root WebApplicationContext: initialization completed in 1308 ms
2018-11-23 16:33:34.389  INFO 14208 --- [main] o.s.b.w.servlet.ServletRegistrationBean  : Servlet dispatcherServlet mapped to [/]
2018-11-23 16:33:34.393  INFO 14208 --- [main] o.s.b.w.servlet.FilterRegistrationBean   : Mapping filter: 'characterEncodingFilter' to: [/*]
2018-11-23 16:33:34.393  INFO 14208 --- [main] o.s.b.w.servlet.FilterRegistrationBean   : Mapping filter: 'hiddenHttpMethodFilter' to: [/*]
2018-11-23 16:33:34.393  INFO 14208 --- [main] o.s.b.w.servlet.FilterRegistrationBean   : Mapping filter: 'formContentFilter' to: [/*]
2018-11-23 16:33:34.393  INFO 14208 --- [main] o.s.b.w.servlet.FilterRegistrationBean   : Mapping filter: 'requestContextFilter' to: [/*]
2018-11-23 16:33:34.903 DEBUG 14208 --- [main] o.n.b.m.ArchiveMapper.selectArchives     : ==>  Preparing: select id, title, preview, author, tag, create_time, update_time, state from archive WHERE state = ? order by create_time desc 
2018-11-23 16:33:34.915 DEBUG 14208 --- [main] o.n.b.m.ArchiveMapper.selectArchives     : ==> Parameters: 2(Integer)
2018-11-23 16:33:34.935 DEBUG 14208 --- [main] o.n.b.m.ArchiveMapper.selectArchives     : <==      Total: 69
2018-11-23 16:33:35.106  INFO 14208 --- [main] o.s.s.concurrent.ThreadPoolTaskExecutor  : Initializing ExecutorService 'applicationTaskExecutor'
2018-11-23 16:33:35.314  INFO 14208 --- [main] o.s.b.w.embedded.tomcat.TomcatWebServer  : Tomcat started on port(s): 8080 (http) with context path ''
2018-11-23 16:33:35.318  INFO 14208 --- [main] org.nocoder.blog.FredaApplication        : Started FredaApplication in 2.835 seconds (JVM running for 3.62)
2018-11-23 16:33:51.405  INFO 14208 --- [http-nio-8080-exec-2] o.a.c.c.C.[Tomcat].[localhost].[/]       : Initializing Spring DispatcherServlet 'dispatcherServlet'
2018-11-23 16:33:51.405  INFO 14208 --- [http-nio-8080-exec-2] o.s.web.servlet.DispatcherServlet        : Initializing Servlet 'dispatcherServlet'
2018-11-23 16:33:51.412  INFO 14208 --- [http-nio-8080-exec-2] o.s.web.servlet.DispatcherServlet        : Completed initialization in 7 ms
2018-11-23 16:33:51.436 DEBUG 14208 --- [http-nio-8080-exec-2] o.n.b.m.A.selectCountArchives            : ==>  Preparing: select count(1) from archive WHERE state = ? 
2018-11-23 16:33:51.437 DEBUG 14208 --- [http-nio-8080-exec-2] o.n.b.m.A.selectCountArchives            : ==> Parameters: 2(Integer)
2018-11-23 16:33:51.440 DEBUG 14208 --- [http-nio-8080-exec-2] o.n.b.m.A.selectCountArchives            : <==      Total: 1
2018-11-23 16:35:16.336  INFO 11288 --- [main] org.nocoder.blog.FredaApplication        : Starting FredaApplication on redocon with PID 11288 (D:\usr\local\github\freda-blog\freda\target\classes started by Administrator in D:\usr\local\github\freda-blog)
2018-11-23 16:35:16.339 DEBUG 11288 --- [main] org.nocoder.blog.FredaApplication        : Running with Spring Boot v2.1.0.RELEASE, Spring v5.1.2.RELEASE
2018-11-23 16:35:16.340  INFO 11288 --- [main] org.nocoder.blog.FredaApplication        : No active profile set, falling back to default profiles: default
2018-11-23 16:35:17.720  INFO 11288 --- [main] o.s.b.w.embedded.tomcat.TomcatWebServer  : Tomcat initialized with port(s): 8080 (http)
2018-11-23 16:35:17.736  INFO 11288 --- [main] o.apache.catalina.core.StandardService   : Starting service [Tomcat]
2018-11-23 16:35:17.736  INFO 11288 --- [main] org.apache.catalina.core.StandardEngine  : Starting Servlet Engine: Apache Tomcat/9.0.12
2018-11-23 16:35:17.741  INFO 11288 --- [main] o.a.catalina.core.AprLifecycleListener   : The APR based Apache Tomcat Native library which allows optimal performance in production environments was not found on the java.library.path: [D:\usr\local\Java\jdk1.8.0_191\bin;C:\windows\Sun\Java\bin;C:\windows\system32;C:\windows;C:\Program Files (x86)\Common Files\Oracle\Java\javapath;C:\windows\system32;C:\windows;C:\windows\System32\Wbem;C:\windows\System32\WindowsPowerShell\v1.0\;D:\usr\local\Java\jdk1.8.0_191\bin;D:\usr\local\Git\cmd;D:\usr\local\apache-maven-3.6.0\bin;D:\usr\local\nodejs\;C:\Users\Administrator\AppData\Local\Microsoft\WindowsApps;;D:\usr\local\vscode\bin;C:\Users\Administrator\AppData\Roaming\npm;.]
2018-11-23 16:35:17.825  INFO 11288 --- [main] o.a.c.c.C.[Tomcat].[localhost].[/]       : Initializing Spring embedded WebApplicationContext
2018-11-23 16:35:17.825  INFO 11288 --- [main] o.s.web.context.ContextLoader            : Root WebApplicationContext: initialization completed in 1417 ms
2018-11-23 16:35:17.847  INFO 11288 --- [main] o.s.b.w.servlet.ServletRegistrationBean  : Servlet dispatcherServlet mapped to [/]
2018-11-23 16:35:17.851  INFO 11288 --- [main] o.s.b.w.servlet.FilterRegistrationBean   : Mapping filter: 'characterEncodingFilter' to: [/*]
2018-11-23 16:35:17.851  INFO 11288 --- [main] o.s.b.w.servlet.FilterRegistrationBean   : Mapping filter: 'hiddenHttpMethodFilter' to: [/*]
2018-11-23 16:35:17.852  INFO 11288 --- [main] o.s.b.w.servlet.FilterRegistrationBean   : Mapping filter: 'formContentFilter' to: [/*]
2018-11-23 16:35:17.852  INFO 11288 --- [main] o.s.b.w.servlet.FilterRegistrationBean   : Mapping filter: 'requestContextFilter' to: [/*]
2018-11-23 16:35:18.356 DEBUG 11288 --- [main] o.n.b.m.ArchiveMapper.selectArchives     : ==>  Preparing: select id, title, preview, author, tag, create_time, update_time, state from archive WHERE state = ? order by create_time desc 
2018-11-23 16:35:18.368 DEBUG 11288 --- [main] o.n.b.m.ArchiveMapper.selectArchives     : ==> Parameters: 2(Integer)
2018-11-23 16:35:18.387 DEBUG 11288 --- [main] o.n.b.m.ArchiveMapper.selectArchives     : <==      Total: 69
2018-11-23 16:35:18.564  INFO 11288 --- [main] o.s.s.concurrent.ThreadPoolTaskExecutor  : Initializing ExecutorService 'applicationTaskExecutor'
2018-11-23 16:35:18.769  INFO 11288 --- [main] o.s.b.w.embedded.tomcat.TomcatWebServer  : Tomcat started on port(s): 8080 (http) with context path ''
2018-11-23 16:35:18.773  INFO 11288 --- [main] org.nocoder.blog.FredaApplication        : Started FredaApplication in 2.908 seconds (JVM running for 3.593)
2018-11-23 16:36:07.155  INFO 7276 --- [main] org.nocoder.blog.FredaApplication        : Starting FredaApplication on redocon with PID 7276 (D:\usr\local\github\freda-blog\freda\target\classes started by Administrator in D:\usr\local\github\freda-blog)
2018-11-23 16:36:07.159  INFO 7276 --- [main] org.nocoder.blog.FredaApplication        : No active profile set, falling back to default profiles: default
2018-11-23 16:36:08.573  INFO 7276 --- [main] o.s.b.w.embedded.tomcat.TomcatWebServer  : Tomcat initialized with port(s): 8080 (http)
2018-11-23 16:36:08.586  INFO 7276 --- [main] o.apache.catalina.core.StandardService   : Starting service [Tomcat]
2018-11-23 16:36:08.586  INFO 7276 --- [main] org.apache.catalina.core.StandardEngine  : Starting Servlet Engine: Apache Tomcat/9.0.12
2018-11-23 16:36:08.592  INFO 7276 --- [main] o.a.catalina.core.AprLifecycleListener   : The APR based Apache Tomcat Native library which allows optimal performance in production environments was not found on the java.library.path: [D:\usr\local\Java\jdk1.8.0_191\bin;C:\windows\Sun\Java\bin;C:\windows\system32;C:\windows;C:\Program Files (x86)\Common Files\Oracle\Java\javapath;C:\windows\system32;C:\windows;C:\windows\System32\Wbem;C:\windows\System32\WindowsPowerShell\v1.0\;D:\usr\local\Java\jdk1.8.0_191\bin;D:\usr\local\Git\cmd;D:\usr\local\apache-maven-3.6.0\bin;D:\usr\local\nodejs\;C:\Users\Administrator\AppData\Local\Microsoft\WindowsApps;;D:\usr\local\vscode\bin;C:\Users\Administrator\AppData\Roaming\npm;.]
2018-11-23 16:36:08.671  INFO 7276 --- [main] o.a.c.c.C.[Tomcat].[localhost].[/]       : Initializing Spring embedded WebApplicationContext
2018-11-23 16:36:08.671  INFO 7276 --- [main] o.s.web.context.ContextLoader            : Root WebApplicationContext: initialization completed in 1438 ms
2018-11-23 16:36:08.693  INFO 7276 --- [main] o.s.b.w.servlet.ServletRegistrationBean  : Servlet dispatcherServlet mapped to [/]
2018-11-23 16:36:08.697  INFO 7276 --- [main] o.s.b.w.servlet.FilterRegistrationBean   : Mapping filter: 'characterEncodingFilter' to: [/*]
2018-11-23 16:36:08.698  INFO 7276 --- [main] o.s.b.w.servlet.FilterRegistrationBean   : Mapping filter: 'hiddenHttpMethodFilter' to: [/*]
2018-11-23 16:36:08.698  INFO 7276 --- [main] o.s.b.w.servlet.FilterRegistrationBean   : Mapping filter: 'formContentFilter' to: [/*]
2018-11-23 16:36:08.698  INFO 7276 --- [main] o.s.b.w.servlet.FilterRegistrationBean   : Mapping filter: 'requestContextFilter' to: [/*]
2018-11-23 16:36:09.394  INFO 7276 --- [main] o.s.s.concurrent.ThreadPoolTaskExecutor  : Initializing ExecutorService 'applicationTaskExecutor'
2018-11-23 16:36:09.602  INFO 7276 --- [main] o.s.b.w.embedded.tomcat.TomcatWebServer  : Tomcat started on port(s): 8080 (http) with context path ''
2018-11-23 16:36:09.605  INFO 7276 --- [main] org.nocoder.blog.FredaApplication        : Started FredaApplication in 2.938 seconds (JVM running for 3.646)
2018-11-23 16:36:17.933  INFO 13644 --- [main] org.nocoder.blog.FredaApplication        : Starting FredaApplication on redocon with PID 13644 (D:\usr\local\github\freda-blog\freda\target\classes started by Administrator in D:\usr\local\github\freda-blog)
2018-11-23 16:36:17.937 DEBUG 13644 --- [main] org.nocoder.blog.FredaApplication        : Running with Spring Boot v2.1.0.RELEASE, Spring v5.1.2.RELEASE
2018-11-23 16:36:17.939  INFO 13644 --- [main] org.nocoder.blog.FredaApplication        : No active profile set, falling back to default profiles: default
2018-11-23 16:36:19.225  INFO 13644 --- [main] o.s.b.w.embedded.tomcat.TomcatWebServer  : Tomcat initialized with port(s): 8080 (http)
2018-11-23 16:36:19.238  INFO 13644 --- [main] o.apache.catalina.core.StandardService   : Starting service [Tomcat]
2018-11-23 16:36:19.238  INFO 13644 --- [main] org.apache.catalina.core.StandardEngine  : Starting Servlet Engine: Apache Tomcat/9.0.12
2018-11-23 16:36:19.244  INFO 13644 --- [main] o.a.catalina.core.AprLifecycleListener   : The APR based Apache Tomcat Native library which allows optimal performance in production environments was not found on the java.library.path: [D:\usr\local\Java\jdk1.8.0_191\bin;C:\windows\Sun\Java\bin;C:\windows\system32;C:\windows;C:\Program Files (x86)\Common Files\Oracle\Java\javapath;C:\windows\system32;C:\windows;C:\windows\System32\Wbem;C:\windows\System32\WindowsPowerShell\v1.0\;D:\usr\local\Java\jdk1.8.0_191\bin;D:\usr\local\Git\cmd;D:\usr\local\apache-maven-3.6.0\bin;D:\usr\local\nodejs\;C:\Users\Administrator\AppData\Local\Microsoft\WindowsApps;;D:\usr\local\vscode\bin;C:\Users\Administrator\AppData\Roaming\npm;.]
2018-11-23 16:36:19.324  INFO 13644 --- [main] o.a.c.c.C.[Tomcat].[localhost].[/]       : Initializing Spring embedded WebApplicationContext
2018-11-23 16:36:19.324  INFO 13644 --- [main] o.s.web.context.ContextLoader            : Root WebApplicationContext: initialization completed in 1267 ms
2018-11-23 16:36:19.347  INFO 13644 --- [main] o.s.b.w.servlet.ServletRegistrationBean  : Servlet dispatcherServlet mapped to [/]
2018-11-23 16:36:19.351  INFO 13644 --- [main] o.s.b.w.servlet.FilterRegistrationBean   : Mapping filter: 'characterEncodingFilter' to: [/*]
2018-11-23 16:36:19.352  INFO 13644 --- [main] o.s.b.w.servlet.FilterRegistrationBean   : Mapping filter: 'hiddenHttpMethodFilter' to: [/*]
2018-11-23 16:36:19.352  INFO 13644 --- [main] o.s.b.w.servlet.FilterRegistrationBean   : Mapping filter: 'formContentFilter' to: [/*]
2018-11-23 16:36:19.352  INFO 13644 --- [main] o.s.b.w.servlet.FilterRegistrationBean   : Mapping filter: 'requestContextFilter' to: [/*]
2018-11-23 16:36:19.861 DEBUG 13644 --- [main] o.n.b.m.ArchiveMapper.selectArchives     : ==>  Preparing: select id, title, preview, author, tag, create_time, update_time, state from archive WHERE state = ? order by create_time desc 
2018-11-23 16:36:19.873 DEBUG 13644 --- [main] o.n.b.m.ArchiveMapper.selectArchives     : ==> Parameters: 2(Integer)
2018-11-23 16:36:19.894 DEBUG 13644 --- [main] o.n.b.m.ArchiveMapper.selectArchives     : <==      Total: 69
2018-11-23 16:36:20.069  INFO 13644 --- [main] o.s.s.concurrent.ThreadPoolTaskExecutor  : Initializing ExecutorService 'applicationTaskExecutor'
2018-11-23 16:36:20.267  INFO 13644 --- [main] o.s.b.w.embedded.tomcat.TomcatWebServer  : Tomcat started on port(s): 8080 (http) with context path ''
2018-11-23 16:36:20.270  INFO 13644 --- [main] org.nocoder.blog.FredaApplication        : Started FredaApplication in 2.932 seconds (JVM running for 3.684)
